# JRE version: OpenJDK Runtime Environment (8.0_242-b01) (build 1.8.0_242-release-1644-b01)
# Java VM: OpenJDK 64-Bit Server VM (25.242-b01 mixed mode windows-amd64 compressed oops)
Heap:
 PSYoungGen      total 390144K, used 183789K [0x00000000d5580000, 0x00000000f4900000, 0x0000000100000000)
  eden space 285184K, 27% used [0x00000000d5580000,0x00000000da283058,0x00000000e6c00000)
  from space 104960K, 99% used [0x00000000e6c00000,0x00000000ed278468,0x00000000ed280000)
  to   space 93696K, 0% used [0x00000000ed280000,0x00000000ed280000,0x00000000f2e00000)
 ParOldGen       total 358400K, used 81564K [0x0000000080000000, 0x0000000095e00000, 0x00000000d5580000)
  object space 358400K, 22% used [0x0000000080000000,0x0000000084fa71b8,0x0000000095e00000)
 Metaspace       used 121359K, capacity 130758K, committed 130984K, reserved 1163264K
  class space    used 15650K, capacity 17526K, committed 17576K, reserved 1048576K
GC Heap History (10 events):
Event: 2879.739 GC heap before
{Heap before GC invocations=29 (full 4):
 PSYoungGen      total 362496K, used 343012K [0x00000000d5580000, 0x00000000f0080000, 0x0000000100000000)
  eden space 293888K, 100% used [0x00000000d5580000,0x00000000e7480000,0x00000000e7480000)
  from space 68608K, 71% used [0x00000000eba00000,0x00000000ee9f9108,0x00000000efd00000)
  to   space 71168K, 0% used [0x00000000e7480000,0x00000000e7480000,0x00000000eba00000)
 ParOldGen       total 358400K, used 71793K [0x0000000080000000, 0x0000000095e00000, 0x00000000d5580000)
  object space 358400K, 20% used [0x0000000080000000,0x000000008461c580,0x0000000095e00000)
 Metaspace       used 100794K, capacity 108572K, committed 108712K, reserved 1142784K
  class space    used 12872K, capacity 14431K, committed 14504K, reserved 1048576K
Event: 2879.780 GC heap after
Heap after GC invocations=29 (full 4):
 PSYoungGen      total 365056K, used 58621K [0x00000000d5580000, 0x00000000f0e00000, 0x0000000100000000)
  eden space 293888K, 0% used [0x00000000d5580000,0x00000000d5580000,0x00000000e7480000)
  from space 71168K, 82% used [0x00000000e7480000,0x00000000eadbf5e0,0x00000000eba00000)
  to   space 76800K, 0% used [0x00000000ec300000,0x00000000ec300000,0x00000000f0e00000)
 ParOldGen       total 358400K, used 71801K [0x0000000080000000, 0x0000000095e00000, 0x00000000d5580000)
  object space 358400K, 20% used [0x0000000080000000,0x000000008461e580,0x0000000095e00000)
 Metaspace       used 100794K, capacity 108572K, committed 108712K, reserved 1142784K
  class space    used 12872K, capacity 14431K, committed 14504K, reserved 1048576K
}
Event: 4147.218 GC heap before
{Heap before GC invocations=30 (full 4):
 PSYoungGen      total 365056K, used 352509K [0x00000000d5580000, 0x00000000f0e00000, 0x0000000100000000)
  eden space 293888K, 100% used [0x00000000d5580000,0x00000000e7480000,0x00000000e7480000)
  from space 71168K, 82% used [0x00000000e7480000,0x00000000eadbf5e0,0x00000000eba00000)
  to   space 76800K, 0% used [0x00000000ec300000,0x00000000ec300000,0x00000000f0e00000)
 ParOldGen       total 358400K, used 71801K [0x0000000080000000, 0x0000000095e00000, 0x00000000d5580000)
  object space 358400K, 20% used [0x0000000080000000,0x000000008461e580,0x0000000095e00000)
 Metaspace       used 103384K, capacity 111422K, committed 111656K, reserved 1146880K
  class space    used 13228K, capacity 14840K, committed 14888K, reserved 1048576K
Event: 4147.381 GC heap after
Heap after GC invocations=30 (full 4):
 PSYoungGen      total 363520K, used 75522K [0x00000000d5580000, 0x00000000f2280000, 0x0000000100000000)
  eden space 286720K, 0% used [0x00000000d5580000,0x00000000d5580000,0x00000000e6d80000)
  from space 76800K, 98% used [0x00000000ec300000,0x00000000f0cc0bf0,0x00000000f0e00000)
  to   space 87552K, 0% used [0x00000000e6d80000,0x00000000e6d80000,0x00000000ec300000)
 ParOldGen       total 358400K, used 71873K [0x0000000080000000, 0x0000000095e00000, 0x00000000d5580000)
  object space 358400K, 20% used [0x0000000080000000,0x0000000084630590,0x0000000095e00000)
 Metaspace       used 103384K, capacity 111422K, committed 111656K, reserved 1146880K
  class space    used 13228K, capacity 14840K, committed 14888K, reserved 1048576K
}
Event: 4159.960 GC heap before
{Heap before GC invocations=31 (full 4):
 PSYoungGen      total 363520K, used 362242K [0x00000000d5580000, 0x00000000f2280000, 0x0000000100000000)
  eden space 286720K, 100% used [0x00000000d5580000,0x00000000e6d80000,0x00000000e6d80000)
  from space 76800K, 98% used [0x00000000ec300000,0x00000000f0cc0bf0,0x00000000f0e00000)
  to   space 87552K, 0% used [0x00000000e6d80000,0x00000000e6d80000,0x00000000ec300000)
 ParOldGen       total 358400K, used 71873K [0x0000000080000000, 0x0000000095e00000, 0x00000000d5580000)
  object space 358400K, 20% used [0x0000000080000000,0x0000000084630590,0x0000000095e00000)
 Metaspace       used 105911K, capacity 114134K, committed 114344K, reserved 1148928K
  class space    used 13509K, capacity 15156K, committed 15272K, reserved 1048576K
Event: 4160.105 GC heap after
Heap after GC invocations=31 (full 4):
 PSYoungGen      total 374272K, used 70671K [0x00000000d5580000, 0x00000000f2e00000, 0x0000000100000000)
  eden space 286720K, 0% used [0x00000000d5580000,0x00000000d5580000,0x00000000e6d80000)
  from space 87552K, 80% used [0x00000000e6d80000,0x00000000eb283c90,0x00000000ec300000)
  to   space 93696K, 0% used [0x00000000ed280000,0x00000000ed280000,0x00000000f2e00000)
 ParOldGen       total 358400K, used 71881K [0x0000000080000000, 0x0000000095e00000, 0x00000000d5580000)
  object space 358400K, 20% used [0x0000000080000000,0x0000000084632590,0x0000000095e00000)
 Metaspace       used 105911K, capacity 114134K, committed 114344K, reserved 1148928K
  class space    used 13509K, capacity 15156K, committed 15272K, reserved 1048576K
}
Event: 4167.921 GC heap before
{Heap before GC invocations=32 (full 4):
 PSYoungGen      total 374272K, used 357386K [0x00000000d5580000, 0x00000000f2e00000, 0x0000000100000000)
  eden space 286720K, 99% used [0x00000000d5580000,0x00000000e6d7ebd0,0x00000000e6d80000)
  from space 87552K, 80% used [0x00000000e6d80000,0x00000000eb283c90,0x00000000ec300000)
  to   space 93696K, 0% used [0x00000000ed280000,0x00000000ed280000,0x00000000f2e00000)
 ParOldGen       total 358400K, used 71881K [0x0000000080000000, 0x0000000095e00000, 0x00000000d5580000)
  object space 358400K, 20% used [0x0000000080000000,0x0000000084632590,0x0000000095e00000)
 Metaspace       used 113128K, capacity 121768K, committed 121896K, reserved 1155072K
  class space    used 14383K, capacity 16107K, committed 16168K, reserved 1048576K
Event: 4168.019 GC heap after
Heap after GC invocations=32 (full 4):
 PSYoungGen      total 378880K, used 87032K [0x00000000d5580000, 0x00000000f4900000, 0x0000000100000000)
  eden space 285184K, 0% used [0x00000000d5580000,0x00000000d5580000,0x00000000e6c00000)
  from space 93696K, 92% used [0x00000000ed280000,0x00000000f277e320,0x00000000f2e00000)
  to   space 104960K, 0% used [0x00000000e6c00000,0x00000000e6c00000,0x00000000ed280000)
 ParOldGen       total 358400K, used 71889K [0x0000000080000000, 0x0000000095e00000, 0x00000000d5580000)
  object space 358400K, 20% used [0x0000000080000000,0x0000000084634590,0x0000000095e00000)
 Metaspace       used 113128K, capacity 121768K, committed 121896K, reserved 1155072K
  class space    used 14383K, capacity 16107K, committed 16168K, reserved 1048576K
}
Event: 4182.227 GC heap before
{Heap before GC invocations=33 (full 4):
 PSYoungGen      total 378880K, used 372216K [0x00000000d5580000, 0x00000000f4900000, 0x0000000100000000)
  eden space 285184K, 100% used [0x00000000d5580000,0x00000000e6c00000,0x00000000e6c00000)
  from space 93696K, 92% used [0x00000000ed280000,0x00000000f277e320,0x00000000f2e00000)
  to   space 104960K, 0% used [0x00000000e6c00000,0x00000000e6c00000,0x00000000ed280000)
 ParOldGen       total 358400K, used 71889K [0x0000000080000000, 0x0000000095e00000, 0x00000000d5580000)
  object space 358400K, 20% used [0x0000000080000000,0x0000000084634590,0x0000000095e00000)
 Metaspace       used 119358K, capacity 128460K, committed 128552K, reserved 1161216K
  class space    used 15297K, capacity 17123K, committed 17192K, reserved 1048576K
Event: 4182.374 GC heap after
Heap after GC invocations=33 (full 4):
 PSYoungGen      total 390144K, used 104929K [0x00000000d5580000, 0x00000000f4900000, 0x0000000100000000)
  eden space 285184K, 0% used [0x00000000d5580000,0x00000000d5580000,0x00000000e6c00000)
  from space 104960K, 99% used [0x00000000e6c00000,0x00000000ed278468,0x00000000ed280000)
  to   space 93696K, 0% used [0x00000000ed280000,0x00000000ed280000,0x00000000f2e00000)
 ParOldGen       total 358400K, used 81564K [0x0000000080000000, 0x0000000095e00000, 0x00000000d5580000)
  object space 358400K, 22% used [0x0000000080000000,0x0000000084fa71b8,0x0000000095e00000)
 Metaspace       used 119358K, capacity 128460K, committed 128552K, reserved 1161216K
  class space    used 15297K, capacity 17123K, committed 17192K, reserved 1048576K
}

